{"message":"Something failed during startup.","level":"error"}
{"message":"Something failed during startup.","level":"error"}
{"level":"error","message":"Something failed during startup.Something failed during startup.","stack":"Error: Something failed during startup.\n    at Object.<anonymous> (C:\\Users\\Aum_l_000\\Desktop\\10- Authentication and Authorization\\before\\vidly\\index.js:29:7)\n    at Module._compile (internal/modules/cjs/loader.js:955:30)\n    at Object.Module._extensions..js (internal/modules/cjs/loader.js:991:10)\n    at Module.load (internal/modules/cjs/loader.js:811:32)\n    at Function.Module._load (internal/modules/cjs/loader.js:723:14)\n    at Function.Module.runMain (internal/modules/cjs/loader.js:1043:10)\n    at internal/main/run_main_module.js:17:11"}
{"level":"error"}
{"level":"error","message":"Something failed miserablySomething failed miserably","stack":"Error: Something failed miserably\n    at Object.<anonymous> (C:\\Users\\Aum_l_000\\Desktop\\10- Authentication and Authorization\\before\\vidly\\index.js:38:26)\n    at Module._compile (internal/modules/cjs/loader.js:955:30)\n    at Object.Module._extensions..js (internal/modules/cjs/loader.js:991:10)\n    at Module.load (internal/modules/cjs/loader.js:811:32)\n    at Function.Module._load (internal/modules/cjs/loader.js:723:14)\n    at Function.Module.runMain (internal/modules/cjs/loader.js:1043:10)\n    at internal/main/run_main_module.js:17:11"}
{"message":"Listening on port 3000...","level":"info"}
{"message":"Listening on port 3000...","level":"info"}
{"message":"Connected to MongoDB...","level":"info"}
{"message":"Connected to MongoDB...","level":"info"}
{"message":"Listening on port 3000...","level":"info"}
{"message":"Connected to MongoDB...","level":"info"}
{"message":"Connected to MongoDB...","level":"info"}
{"message":"Connected to MongoDB...","level":"info"}
{"message":"Connected to MongoDB...","level":"info"}
{"message":"Connected to MongoDB...","level":"info"}
{"message":"Connected to MongoDB...","level":"info"}
{"message":"Connected to MongoDB...","level":"info"}
{"message":"Connected to MongoDB...","level":"info"}
{"message":"Listening on port 3000...","level":"info"}
{"message":"Listening on port 3000...","level":"info"}
{"message":"Listening on port 3000...","level":"info"}
{"message":"Connected to MongoDB...","level":"info"}
{"message":"Listening on port 3000...","level":"info"}
{"message":"Connected to MongoDB...","level":"info"}
{"message":"Listening on port 3000...","level":"info"}
{"message":"Connected to MongoDB...","level":"info"}
{"message":"Listening on port 3000...","level":"info"}
{"message":"Connected to MongoDB...","level":"info"}
{"message":"Listening on port 3000...","level":"info"}
{"message":"Connected to MongoDB...","level":"info"}
{"message":"Connected to MongoDB...","level":"info"}
{"message":"Connected to MongoDB...","level":"info"}
{"level":"info","message":"Connected to MongoDB..."}
{"level":"info","message":"Connected to MongoDB..."}
{"message":"Connected to MongoDB...","level":"info"}
{"message":"Connected to MongoDB...","level":"info"}
{"message":"Connected to MongoDB...","level":"info"}
{"message":"Connected to MongoDB...","level":"info"}
{"message":"Connected to MongoDB...","level":"info"}
{"message":"Connected to MongoDB...","level":"info"}
{"message":"Connected to MongoDB...","level":"info"}
